<?xml version="1.0" encoding="UTF-8"?>
<testng-results ignored="0" total="1" passed="1" failed="0" skipped="0">
  <reporter-output>
  </reporter-output>
  <suite started-at="2026-05-10T23:10:43 IST" name="Default suite" finished-at="2026-05-10T23:10:49 IST" duration-ms="5438">
    <groups>
    </groups>
    <test started-at="2026-05-10T23:10:43 IST" name="Default test" finished-at="2026-05-10T23:10:49 IST" duration-ms="5438">
      <class name="testScripts.LoginTestScript">
        <test-method is-config="true" signature="browserLaunch()[pri:0, instance:testScripts.LoginTestScript@6f1de4c7]" started-at="2026-05-10T23:10:43 IST" name="browserLaunch" finished-at="2026-05-10T23:10:46 IST" duration-ms="2234" status="PASS">
          <reporter-output>
          </reporter-output>
        </test-method> <!-- browserLaunch -->
        <test-method signature="verifyUserLoginWithValidCredentials()[pri:0, instance:testScripts.LoginTestScript@6f1de4c7]" started-at="2026-05-10T23:10:46 IST" name="verifyUserLoginWithValidCredentials" finished-at="2026-05-10T23:10:49 IST" duration-ms="3149" status="PASS">
          <reporter-output>
          </reporter-output>
        </test-method> <!-- verifyUserLoginWithValidCredentials -->
      </class> <!-- testScripts.LoginTestScript -->
    </test> <!-- Default test -->
  </suite> <!-- Default suite -->
</testng-results>
