<?xml version="1.0" encoding="UTF-8"?>
<!-- Generated by org.testng.reporters.JUnitXMLReporter -->
<testsuite ignored="3" hostname="LAPTOP-DU7N2NF1" failures="0" tests="1" name="Default test" time="5.438" errors="0" timestamp="2026-05-10T23:10:49 IST">
  <testcase classname="testScripts.LoginTestScript" name="verifyUserLoginWithValidCredentials" time="3.149"/>
  <testcase classname="testScripts.LoginTestScript" name="verifyUserLoginWithInvalidPasswordAndValidUsername" time="0.0">
    <ignored/>
  </testcase> <!-- verifyUserLoginWithInvalidPasswordAndValidUsername -->
  <testcase classname="testScripts.LoginTestScript" name="verifyUserLoginWithInvalidUserNameAndValidPasssowrd" time="0.0">
    <ignored/>
  </testcase> <!-- verifyUserLoginWithInvalidUserNameAndValidPasssowrd -->
  <testcase classname="testScripts.LoginTestScript" name="verifyUserLoginWithInvalidCredentials" time="0.0">
    <ignored/>
  </testcase> <!-- verifyUserLoginWithInvalidCredentials -->
</testsuite> <!-- Default test -->
